#
# A fatal error has been detected by the Java Runtime Environment:
#
#  Internal Error (javaCalls.cpp:51), pid=3812, tid=0x0000000000004d03
#  guarantee(thread->is_Java_thread()) failed: crucial check - the VM thread cannot and must not escape to Java code
#
# JRE version: Java(TM) SE Runtime Environment (8.0_181-b13) (build 1.8.0_181-b13)
# Java VM: Java HotSpot(TM) 64-Bit Server VM (25.181-b13 mixed mode bsd-amd64 compressed oops)
# Failed to write core dump. Core dumps have been disabled. To enable core dumping, try "ulimit -c unlimited" before starting Java again
#
# If you would like to submit a bug report, please visit:
#   http://bugreport.java.com/bugreport/crash.jsp
#

---------------  T H R E A D  ---------------

Current thread (0x00007f843f81d000):  VMThread [stack: 0x000070000bc38000,0x000070000bd38000] [id=19715]

Stack: [0x000070000bc38000,0x000070000bd38000],  sp=0x000070000bd36af0,  free space=1018k
Native frames: (J=compiled Java code, j=interpreted, Vv=VM code, C=native code)
V  [libjvm.dylib+0x5b581a]
V  [libjvm.dylib+0x1e9185]
V  [libjvm.dylib+0x2ef35c]
V  [libjvm.dylib+0x2efc14]
V  [libjvm.dylib+0x2f0147]
V  [libjvm.dylib+0x243b41]
V  [libjvm.dylib+0x243c3c]
V  [libjvm.dylib+0x243e9b]
V  [libjvm.dylib+0x243eb6]
V  [libjvm.dylib+0x287b87]
V  [libjvm.dylib+0x28aea6]
V  [libjvm.dylib+0x28afb4]
V  [libjvm.dylib+0x28b3eb]
V  [libjvm.dylib+0x485331]
V  [libjvm.dylib+0x48553a]
V  [libjvm.dylib+0x48571b]
V  [libjvm.dylib+0x4859d2]
V  [libjvm.dylib+0x2c2b04]
V  [libjvm.dylib+0x45306d]
V  [libjvm.dylib+0x39afbf]
V  [libjvm.dylib+0x5bd499]
V  [libjvm.dylib+0x5bba31]
V  [libjvm.dylib+0x5bbe7e]
V  [libjvm.dylib+0x5bb79d]
V  [libjvm.dylib+0x48e342]
C  [libsystem_pthread.dylib+0x333d]  _pthread_body+0x7e
C  [libsystem_pthread.dylib+0x62a7]  _pthread_start+0x46
C  [libsystem_pthread.dylib+0x2425]  thread_start+0xd

VM_Operation (0x000070000c143978): GetOrSetLocal, mode: safepoint, requested by thread 0x00007f843d034800


---------------  P R O C E S S  ---------------

Java Threads: ( => current thread )
  0x00007f844104b000 JavaThread "Service Thread" daemon [_thread_blocked, id=43011, stack(0x000070000c759000,0x000070000c859000)]
  0x00007f843d040800 JavaThread "C1 CompilerThread3" daemon [_thread_blocked, id=21763, stack(0x000070000c656000,0x000070000c756000)]
  0x00007f843d040000 JavaThread "C2 CompilerThread2" daemon [_thread_blocked, id=15363, stack(0x000070000c553000,0x000070000c653000)]
  0x00007f843d03f000 JavaThread "C2 CompilerThread1" daemon [_thread_blocked, id=15875, stack(0x000070000c450000,0x000070000c550000)]
  0x00007f843d03e800 JavaThread "C2 CompilerThread0" daemon [_thread_blocked, id=16131, stack(0x000070000c34d000,0x000070000c44d000)]
  0x00007f8440806000 JavaThread "JDWP Command Reader" daemon [_thread_in_native, id=14595, stack(0x000070000c24a000,0x000070000c34a000)]
  0x00007f843d033800 JavaThread "JDWP Event Helper Thread" daemon [_thread_blocked, id=16899, stack(0x000070000c147000,0x000070000c247000)]
  0x00007f843d034800 JavaThread "JDWP Transport Listener: dt_socket" daemon [_thread_blocked, id=14343, stack(0x000070000c044000,0x000070000c144000)]
  0x00007f843d000000 JavaThread "Signal Dispatcher" daemon [_thread_blocked, id=13827, stack(0x000070000bf41000,0x000070000c041000)]
  0x00007f843e001000 JavaThread "Finalizer" daemon [_thread_blocked, id=18947, stack(0x000070000be3e000,0x000070000bf3e000)]
  0x00007f843d007000 JavaThread "Reference Handler" daemon [_thread_blocked, id=19203, stack(0x000070000bd3b000,0x000070000be3b000)]
  0x00007f843f802000 JavaThread "main" [_thread_blocked, id=6403, stack(0x000070000b31d000,0x000070000b41d000)]

Other Threads:
=>0x00007f843f81d000 VMThread [stack: 0x000070000bc38000,0x000070000bd38000] [id=19715]
  0x00007f843d809000 WatcherThread [stack: 0x000070000c85c000,0x000070000c95c000] [id=42755]

VM state:at safepoint (normal execution)

VM Mutex/Monitor currently owned by a thread:  ([mutex/lock_event])
[0x00007f843e8046d0] Threads_lock - owner thread: 0x00007f843f81d000

Heap:
 PSYoungGen      total 76288K, used 3955K [0x000000076ab00000, 0x0000000770000000, 0x00000007c0000000)
  eden space 65536K, 6% used [0x000000076ab00000,0x000000076aedcf18,0x000000076eb00000)
  from space 10752K, 0% used [0x000000076f580000,0x000000076f580000,0x0000000770000000)
  to   space 10752K, 0% used [0x000000076eb00000,0x000000076eb00000,0x000000076f580000)
 ParOldGen       total 175104K, used 0K [0x00000006c0000000, 0x00000006cab00000, 0x000000076ab00000)
  object space 175104K, 0% used [0x00000006c0000000,0x00000006c0000000,0x00000006cab00000)
 Metaspace       used 3184K, capacity 4664K, committed 4864K, reserved 1056768K
  class space    used 343K, capacity 424K, committed 512K, reserved 1048576K

Card table byte_map: [0x0000000109fee000,0x000000010a7ef000] byte_map_base: 0x00000001069ee000

Marking Bits: (ParMarkBitMap*) 0x00000001094f9cd0
 Begin Bits: [0x000000010ad45000, 0x000000010ed45000)
 End Bits:   [0x000000010ed45000, 0x0000000112d45000)

Polling page: 0x0000000107b80000

CodeCache: size=245760Kb used=1098Kb max_used=1109Kb free=244661Kb
 bounds [0x0000000115570000, 0x00000001157e0000, 0x0000000124570000]
 total_blobs=256 nmethods=22 adapters=157
 compilation: enabled

Compilation events (10 events):
Event: 0.156 Thread 0x00007f843d040800   20       3       java.lang.Math::min (11 bytes)
Event: 0.156 Thread 0x00007f843d040800 nmethod 20 0x000000011567f6d0 code [0x000000011567f840, 0x000000011567f9d0]
Event: 0.156 Thread 0x00007f843d040800   18       3       java.lang.String::startsWith (7 bytes)
Event: 0.157 Thread 0x00007f843d040800 nmethod 18 0x0000000115685010 code [0x0000000115685180, 0x00000001156853a8]
Event: 0.157 Thread 0x00007f843d040800   13       3       java.lang.ThreadLocal$ThreadLocalMap::getEntry (42 bytes)
Event: 0.157 Thread 0x00007f843d040800 nmethod 13 0x0000000115684a10 code [0x0000000115684b80, 0x0000000115684ea8]
Event: 0.157 Thread 0x00007f843d040800   22       3       java.lang.System::getSecurityManager (4 bytes)
Event: 0.157 Thread 0x00007f843d040800 nmethod 22 0x0000000115684710 code [0x0000000115684860, 0x00000001156849b0]
Event: 0.157 Thread 0x00007f843d040800   21       1       java.net.URL::getQuery (5 bytes)
Event: 0.157 Thread 0x00007f843d040800 nmethod 21 0x000000011567c8d0 code [0x000000011567ca20, 0x000000011567cb30]

GC Heap History (0 events):
No events

Deoptimization events (0 events):
No events

Classes redefined (4 events):
Event: 93.679 Thread 0x00007f843f81d000 redefined class name=slidewindow.Leetcode438, count=1
Event: 397.771 Thread 0x00007f843f81d000 redefined class name=slidewindow.Leetcode438, count=2
Event: 478.416 Thread 0x00007f843f81d000 redefined class name=slidewindow.Leetcode438, count=3
Event: 877.495 Thread 0x00007f843f81d000 redefined class name=slidewindow.Leetcode438, count=4

Internal exceptions (2 events):
Event: 0.038 Thread 0x00007f843f802000 Exception <a 'java/lang/NoSuchMethodError': Method sun.misc.Unsafe.defineClass(Ljava/lang/String;[BII)Ljava/lang/Class; name or signature does not match> (0x000000076ab07cb0) thrown at [/Users/java_re/workspace/8-2-build-macosx-x86_64/jdk8u181/11358/hotsp
Event: 0.038 Thread 0x00007f843f802000 Exception <a 'java/lang/NoSuchMethodError': Method sun.misc.Unsafe.prefetchRead(Ljava/lang/Object;J)V name or signature does not match> (0x000000076ab07f98) thrown at [/Users/java_re/workspace/8-2-build-macosx-x86_64/jdk8u181/11358/hotspot/src/share/vm/pr

Events (10 events):
Event: 596.198 Executing VM operation: ChangeBreakpoints done
Event: 877.493 Executing VM operation: ChangeBreakpoints
Event: 877.493 Executing VM operation: ChangeBreakpoints done
Event: 877.493 Executing VM operation: ChangeBreakpoints
Event: 877.493 Executing VM operation: ChangeBreakpoints done
Event: 877.494 Executing VM operation: ChangeBreakpoints
Event: 877.494 Executing VM operation: ChangeBreakpoints done
Event: 877.495 Executing VM operation: RedefineClasses
Event: 877.495 Executing VM operation: RedefineClasses done
Event: 877.496 Executing VM operation: GetOrSetLocal


Dynamic libraries:
0x00007fff4e425000 	/System/Library/Frameworks/Cocoa.framework/Versions/A/Cocoa
0x00007fff5a6a5000 	/System/Library/Frameworks/Security.framework/Versions/A/Security
0x00007fff4d02f000 	/System/Library/Frameworks/ApplicationServices.framework/Versions/A/ApplicationServices
0x00007fff7bb19000 	/usr/lib/libz.1.dylib
0x00007fff7918f000 	/usr/lib/libSystem.B.dylib
0x00007fff7ac36000 	/usr/lib/libobjc.A.dylib
0x00007fff4ec47000 	/System/Library/Frameworks/CoreFoundation.framework/Versions/A/CoreFoundation
0x00007fff50fc6000 	/System/Library/Frameworks/Foundation.framework/Versions/C/Foundation
0x00007fff4c1be000 	/System/Library/Frameworks/AppKit.framework/Versions/C/AppKit
0x00007fff4e7bc000 	/System/Library/Frameworks/CoreData.framework/Versions/A/CoreData
0x00007fff72381000 	/System/Library/PrivateFrameworks/RemoteViewServices.framework/Versions/A/RemoteViewServices
0x00007fff76e6a000 	/System/Library/PrivateFrameworks/UIFoundation.framework/Versions/A/UIFoundation
0x00007fff78616000 	/System/Library/PrivateFrameworks/XCTTargetBootstrap.framework/Versions/A/XCTTargetBootstrap
0x00007fff6cedd000 	/System/Library/PrivateFrameworks/IconServices.framework/Versions/A/IconServices
0x00007fff5386b000 	/System/Library/Frameworks/Metal.framework/Versions/A/Metal
0x00007fff6416f000 	/System/Library/PrivateFrameworks/DesktopServicesPriv.framework/Versions/A/DesktopServicesPriv
0x00007fff79f4a000 	/usr/lib/libenergytrace.dylib
0x00007fff74be3000 	/System/Library/PrivateFrameworks/SkyLight.framework/Versions/A/SkyLight
0x00007fff4f098000 	/System/Library/Frameworks/CoreGraphics.framework/Versions/A/CoreGraphics
0x00007fff4af79000 	/System/Library/Frameworks/Accelerate.framework/Versions/A/Accelerate
0x00007fff5174c000 	/System/Library/Frameworks/IOSurface.framework/Versions/A/IOSurface
0x00007fff63fd1000 	/System/Library/PrivateFrameworks/DFRFoundation.framework/Versions/A/DFRFoundation
0x00007fff4d534000 	/System/Library/Frameworks/AudioToolbox.framework/Versions/A/AudioToolbox
0x00007fff4d7d2000 	/System/Library/Frameworks/AudioUnit.framework/Versions/A/AudioUnit
0x00007fff64068000 	/System/Library/PrivateFrameworks/DataDetectorsCore.framework/Versions/A/DataDetectorsCore
0x00007fff4df11000 	/System/Library/Frameworks/Carbon.framework/Versions/A/Frameworks/HIToolbox.framework/Versions/A/HIToolbox
0x00007fff7a0a5000 	/usr/lib/libicucore.A.dylib
0x00007fff59c01000 	/System/Library/Frameworks/QuartzCore.framework/Versions/A/QuartzCore
0x00007fff4e2f8000 	/System/Library/Frameworks/Carbon.framework/Versions/A/Frameworks/SpeechRecognition.framework/Versions/A/SpeechRecognition
0x00007fff792f2000 	/usr/lib/libauto.dylib
0x00007fff7ba0c000 	/usr/lib/libxml2.2.dylib
0x00007fff63bd6000 	/System/Library/PrivateFrameworks/CoreUI.framework/Versions/A/CoreUI
0x00007fff4e69a000 	/System/Library/Frameworks/CoreAudio.framework/Versions/A/CoreAudio
0x00007fff50df8000 	/System/Library/Frameworks/DiskArbitration.framework/Versions/A/DiskArbitration
0x00007fff7a355000 	/usr/lib/liblangid.dylib
0x00007fff6e386000 	/System/Library/PrivateFrameworks/MultitouchSupport.framework/Versions/A/MultitouchSupport
0x00007fff516b9000 	/System/Library/Frameworks/IOKit.framework/Versions/A/IOKit
0x00007fff78ddd000 	/usr/lib/libDiagnosticMessagesClient.dylib
0x00007fff4ff03000 	/System/Library/Frameworks/CoreServices.framework/Versions/A/CoreServices
0x00007fff700b0000 	/System/Library/PrivateFrameworks/PerformanceAnalysis.framework/Versions/A/PerformanceAnalysis
0x00007fff58d96000 	/System/Library/Frameworks/OpenGL.framework/Versions/A/OpenGL
0x00007fff4e433000 	/System/Library/Frameworks/ColorSync.framework/Versions/A/ColorSync
0x00007fff4f727000 	/System/Library/Frameworks/CoreImage.framework/Versions/A/CoreImage
0x00007fff50941000 	/System/Library/Frameworks/CoreText.framework/Versions/A/CoreText
0x00007fff517ad000 	/System/Library/Frameworks/ImageIO.framework/Versions/A/ImageIO
0x00007fff6024c000 	/System/Library/PrivateFrameworks/Backup.framework/Versions/A/Backup
0x00007fff79245000 	/usr/lib/libarchive.2.dylib
0x00007fff4db36000 	/System/Library/Frameworks/CFNetwork.framework/Versions/A/CFNetwork
0x00007fff5ae4e000 	/System/Library/Frameworks/SystemConfiguration.framework/Versions/A/SystemConfiguration
0x00007fff78d06000 	/usr/lib/libCRFSuite.dylib
0x00007fff793ea000 	/usr/lib/libc++.1.dylib
0x00007fff79442000 	/usr/lib/libc++abi.dylib
0x00007fff7bb9c000 	/usr/lib/system/libcache.dylib
0x00007fff7bba1000 	/usr/lib/system/libcommonCrypto.dylib
0x00007fff7bbac000 	/usr/lib/system/libcompiler_rt.dylib
0x00007fff7bbb4000 	/usr/lib/system/libcopyfile.dylib
0x00007fff7bbbe000 	/usr/lib/system/libcorecrypto.dylib
0x00007fff7bcc8000 	/usr/lib/system/libdispatch.dylib
0x00007fff7bd03000 	/usr/lib/system/libdyld.dylib
0x00007fff7bd33000 	/usr/lib/system/libkeymgr.dylib
0x00007fff7bd41000 	/usr/lib/system/liblaunch.dylib
0x00007fff7bd42000 	/usr/lib/system/libmacho.dylib
0x00007fff7bd48000 	/usr/lib/system/libquarantine.dylib
0x00007fff7bd4b000 	/usr/lib/system/libremovefile.dylib
0x00007fff7bd4d000 	/usr/lib/system/libsystem_asl.dylib
0x00007fff7bd65000 	/usr/lib/system/libsystem_blocks.dylib
0x00007fff7bd66000 	/usr/lib/system/libsystem_c.dylib
0x00007fff7bdef000 	/usr/lib/system/libsystem_configuration.dylib
0x00007fff7bdf3000 	/usr/lib/system/libsystem_coreservices.dylib
0x00007fff7bdf7000 	/usr/lib/system/libsystem_darwin.dylib
0x00007fff7bdfe000 	/usr/lib/system/libsystem_dnssd.dylib
0x00007fff7be05000 	/usr/lib/system/libsystem_info.dylib
0x00007fff7be7a000 	/usr/lib/system/libsystem_m.dylib
0x00007fff7bec6000 	/usr/lib/system/libsystem_malloc.dylib
0x00007fff7beeb000 	/usr/lib/system/libsystem_networkextension.dylib
0x00007fff7bef7000 	/usr/lib/system/libsystem_notify.dylib
0x00007fff7bf14000 	/usr/lib/system/libsystem_sandbox.dylib
0x00007fff7bf18000 	/usr/lib/system/libsystem_secinit.dylib
0x00007fff7be52000 	/usr/lib/system/libsystem_kernel.dylib
0x00007fff7beff000 	/usr/lib/system/libsystem_platform.dylib
0x00007fff7bf09000 	/usr/lib/system/libsystem_pthread.dylib
0x00007fff7bf1b000 	/usr/lib/system/libsystem_symptoms.dylib
0x00007fff7bf23000 	/usr/lib/system/libsystem_trace.dylib
0x00007fff7bf3a000 	/usr/lib/system/libunwind.dylib
0x00007fff7bf40000 	/usr/lib/system/libxpc.dylib
0x00007fff793ca000 	/usr/lib/libbsm.0.dylib
0x00007fff7bd34000 	/usr/lib/system/libkxld.dylib
0x00007fff5f508000 	/System/Library/PrivateFrameworks/AppleFSCompression.framework/Versions/A/AppleFSCompression
0x00007fff7904e000 	/usr/lib/libOpenScriptingUtil.dylib
0x00007fff7972d000 	/usr/lib/libcoretls.dylib
0x00007fff79744000 	/usr/lib/libcoretls_cfhelpers.dylib
0x00007fff7b3cf000 	/usr/lib/libpam.2.dylib
0x00007fff7b592000 	/usr/lib/libsqlite3.dylib
0x00007fff7b9fa000 	/usr/lib/libxar.1.dylib
0x00007fff793db000 	/usr/lib/libbz2.1.0.dylib
0x00007fff7a357000 	/usr/lib/liblzma.5.dylib
0x00007fff7a84d000 	/usr/lib/libnetwork.dylib
0x00007fff7922e000 	/usr/lib/libapple_nghttp2.dylib
0x00007fff7b3d6000 	/usr/lib/libpcap.A.dylib
0x00007fff502a7000 	/System/Library/Frameworks/CoreServices.framework/Versions/A/Frameworks/FSEvents.framework/Versions/A/FSEvents
0x00007fff4ff83000 	/System/Library/Frameworks/CoreServices.framework/Versions/A/Frameworks/CarbonCore.framework/Versions/A/CarbonCore
0x00007fff5047c000 	/System/Library/Frameworks/CoreServices.framework/Versions/A/Frameworks/Metadata.framework/Versions/A/Metadata
0x00007fff5051f000 	/System/Library/Frameworks/CoreServices.framework/Versions/A/Frameworks/OSServices.framework/Versions/A/OSServices
0x00007fff5056b000 	/System/Library/Frameworks/CoreServices.framework/Versions/A/Frameworks/SearchKit.framework/Versions/A/SearchKit
0x00007fff4ff04000 	/System/Library/Frameworks/CoreServices.framework/Versions/A/Frameworks/AE.framework/Versions/A/AE
0x00007fff502b0000 	/System/Library/Frameworks/CoreServices.framework/Versions/A/Frameworks/LaunchServices.framework/Versions/A/LaunchServices
0x00007fff5025c000 	/System/Library/Frameworks/CoreServices.framework/Versions/A/Frameworks/DictionaryServices.framework/Versions/A/DictionaryServices
0x00007fff505da000 	/System/Library/Frameworks/CoreServices.framework/Versions/A/Frameworks/SharedFileList.framework/Versions/A/SharedFileList
0x00007fff54d26000 	/System/Library/Frameworks/NetFS.framework/Versions/A/NetFS
0x00007fff6e622000 	/System/Library/PrivateFrameworks/NetAuth.framework/Versions/A/NetAuth
0x00007fff78a4a000 	/System/Library/PrivateFrameworks/login.framework/Versions/A/Frameworks/loginsupport.framework/Versions/A/loginsupport
0x00007fff76a66000 	/System/Library/PrivateFrameworks/TCC.framework/Versions/A/TCC
0x00007fff631fe000 	/System/Library/PrivateFrameworks/CoreNLP.framework/Versions/A/CoreNLP
0x00007fff6e079000 	/System/Library/PrivateFrameworks/MetadataUtilities.framework/Versions/A/MetadataUtilities
0x00007fff7a438000 	/usr/lib/libmecabra.dylib
0x00007fff4d030000 	/System/Library/Frameworks/ApplicationServices.framework/Versions/A/Frameworks/ATS.framework/Versions/A/ATS
0x00007fff4d39b000 	/System/Library/Frameworks/ApplicationServices.framework/Versions/A/Frameworks/ColorSyncLegacy.framework/Versions/A/ColorSyncLegacy
0x00007fff4d43c000 	/System/Library/Frameworks/ApplicationServices.framework/Versions/A/Frameworks/HIServices.framework/Versions/A/HIServices
0x00007fff4d48f000 	/System/Library/Frameworks/ApplicationServices.framework/Versions/A/Frameworks/LangAnalysis.framework/Versions/A/LangAnalysis
0x00007fff4d49e000 	/System/Library/Frameworks/ApplicationServices.framework/Versions/A/Frameworks/PrintCore.framework/Versions/A/PrintCore
0x00007fff4d4eb000 	/System/Library/Frameworks/ApplicationServices.framework/Versions/A/Frameworks/QD.framework/Versions/A/QD
0x00007fff4d527000 	/System/Library/Frameworks/ApplicationServices.framework/Versions/A/Frameworks/SpeechSynthesis.framework/Versions/A/SpeechSynthesis
0x00007fff7946a000 	/usr/lib/libcompression.dylib
0x00007fff4eb5d000 	/System/Library/Frameworks/CoreDisplay.framework/Versions/A/CoreDisplay
0x00007fff53b27000 	/System/Library/Frameworks/MetalPerformanceShaders.framework/Versions/A/MetalPerformanceShaders
0x00007fff4af91000 	/System/Library/Frameworks/Accelerate.framework/Versions/A/Frameworks/vImage.framework/Versions/A/vImage
0x00007fff4c00d000 	/System/Library/Frameworks/Accelerate.framework/Versions/A/Frameworks/vecLib.framework/Versions/A/vecLib
0x00007fff4bf57000 	/System/Library/Frameworks/Accelerate.framework/Versions/A/Frameworks/vecLib.framework/Versions/A/libvMisc.dylib
0x00007fff4bd72000 	/System/Library/Frameworks/Accelerate.framework/Versions/A/Frameworks/vecLib.framework/Versions/A/libvDSP.dylib
0x00007fff4b632000 	/System/Library/Frameworks/Accelerate.framework/Versions/A/Frameworks/vecLib.framework/Versions/A/libBLAS.dylib
0x00007fff4b91d000 	/System/Library/Frameworks/Accelerate.framework/Versions/A/Frameworks/vecLib.framework/Versions/A/libLAPACK.dylib
0x00007fff4bcc4000 	/System/Library/Frameworks/Accelerate.framework/Versions/A/Frameworks/vecLib.framework/Versions/A/libLinearAlgebra.dylib
0x00007fff4bd5e000 	/System/Library/Frameworks/Accelerate.framework/Versions/A/Frameworks/vecLib.framework/Versions/A/libSparseBLAS.dylib
0x00007fff4bcda000 	/System/Library/Frameworks/Accelerate.framework/Versions/A/Frameworks/vecLib.framework/Versions/A/libQuadrature.dylib
0x00007fff4b8aa000 	/System/Library/Frameworks/Accelerate.framework/Versions/A/Frameworks/vecLib.framework/Versions/A/libBNNS.dylib
0x00007fff4bce0000 	/System/Library/Frameworks/Accelerate.framework/Versions/A/Frameworks/vecLib.framework/Versions/A/libSparse.dylib
0x00007fff6a6fc000 	/System/Library/PrivateFrameworks/GPUWrangler.framework/Versions/A/GPUWrangler
0x00007fff6caa6000 	/System/Library/PrivateFrameworks/IOAccelerator.framework/Versions/A/IOAccelerator
0x00007fff6cab1000 	/System/Library/PrivateFrameworks/IOPresentment.framework/Versions/A/IOPresentment
0x00007fff63fe1000 	/System/Library/PrivateFrameworks/DSExternalDisplay.framework/Versions/A/DSExternalDisplay
0x00007fff581db000 	/System/Library/Frameworks/OpenGL.framework/Versions/A/Libraries/libCoreFSCache.dylib
0x00007fff5391b000 	/System/Library/Frameworks/MetalPerformanceShaders.framework/Frameworks/MPSCore.framework/Versions/A/MPSCore
0x00007fff5393c000 	/System/Library/Frameworks/MetalPerformanceShaders.framework/Frameworks/MPSImage.framework/Versions/A/MPSImage
0x00007fff539e3000 	/System/Library/Frameworks/MetalPerformanceShaders.framework/Frameworks/MPSNeuralNetwork.framework/Versions/A/MPSNeuralNetwork
0x00007fff539ba000 	/System/Library/Frameworks/MetalPerformanceShaders.framework/Frameworks/MPSMatrix.framework/Versions/A/MPSMatrix
0x00007fff53b0b000 	/System/Library/Frameworks/MetalPerformanceShaders.framework/Frameworks/MPSRayIntersector.framework/Versions/A/MPSRayIntersector
0x00007fff6e0a2000 	/System/Library/PrivateFrameworks/MetalTools.framework/Versions/A/MetalTools
0x00007fff5ec04000 	/System/Library/PrivateFrameworks/AggregateDictionary.framework/Versions/A/AggregateDictionary
0x00007fff7902e000 	/usr/lib/libMobileGestalt.dylib
0x00007fff50aa7000 	/System/Library/Frameworks/CoreVideo.framework/Versions/A/CoreVideo
0x00007fff6b560000 	/System/Library/PrivateFrameworks/GraphVisualizer.framework/Versions/A/GraphVisualizer
0x00007fff6530c000 	/System/Library/PrivateFrameworks/FaceCore.framework/Versions/A/FaceCore
0x00007fff577f2000 	/System/Library/Frameworks/OpenCL.framework/Versions/A/OpenCL
0x00007fff78e15000 	/usr/lib/libFosl_dynamic.dylib
0x00007fff6eef7000 	/System/Library/PrivateFrameworks/OTSVG.framework/Versions/A/OTSVG
0x00007fff4d134000 	/System/Library/Frameworks/ApplicationServices.framework/Versions/A/Frameworks/ATS.framework/Versions/A/Resources/libFontParser.dylib
0x00007fff4d254000 	/System/Library/Frameworks/ApplicationServices.framework/Versions/A/Frameworks/ATS.framework/Versions/A/Resources/libFontRegistry.dylib
0x00007fff51a2d000 	/System/Library/Frameworks/ImageIO.framework/Versions/A/Resources/libJPEG.dylib
0x00007fff51d4f000 	/System/Library/Frameworks/ImageIO.framework/Versions/A/Resources/libTIFF.dylib
0x00007fff51d25000 	/System/Library/Frameworks/ImageIO.framework/Versions/A/Resources/libPng.dylib
0x00007fff51942000 	/System/Library/Frameworks/ImageIO.framework/Versions/A/Resources/libGIF.dylib
0x00007fff51947000 	/System/Library/Frameworks/ImageIO.framework/Versions/A/Resources/libJP2.dylib
0x00007fff51d4c000 	/System/Library/Frameworks/ImageIO.framework/Versions/A/Resources/libRadiance.dylib
0x00007fff5f661000 	/System/Library/PrivateFrameworks/AppleJPEG.framework/Versions/A/AppleJPEG
0x00007fff581e6000 	/System/Library/Frameworks/OpenGL.framework/Versions/A/Libraries/libGFXShared.dylib
0x00007fff583a9000 	/System/Library/Frameworks/OpenGL.framework/Versions/A/Libraries/libGLU.dylib
0x00007fff581ef000 	/System/Library/Frameworks/OpenGL.framework/Versions/A/Libraries/libGL.dylib
0x00007fff581fb000 	/System/Library/Frameworks/OpenGL.framework/Versions/A/Libraries/libGLImage.dylib
0x00007fff581d8000 	/System/Library/Frameworks/OpenGL.framework/Versions/A/Libraries/libCVMSPluginSupport.dylib
0x00007fff581e1000 	/System/Library/Frameworks/OpenGL.framework/Versions/A/Libraries/libCoreVMClient.dylib
0x00007fff79dbc000 	/usr/lib/libcups.2.dylib
0x00007fff52e33000 	/System/Library/Frameworks/Kerberos.framework/Versions/A/Kerberos
0x00007fff51405000 	/System/Library/Frameworks/GSS.framework/Versions/A/GSS
0x00007fff7b526000 	/usr/lib/libresolv.9.dylib
0x00007fff79fb3000 	/usr/lib/libiconv.2.dylib
0x00007fff6b656000 	/System/Library/PrivateFrameworks/Heimdal.framework/Versions/A/Heimdal
0x00007fff79f82000 	/usr/lib/libheimdal-asn1.dylib
0x00007fff57869000 	/System/Library/Frameworks/OpenDirectory.framework/Versions/A/OpenDirectory
0x00007fff61f0f000 	/System/Library/PrivateFrameworks/CommonAuth.framework/Versions/A/CommonAuth
0x00007fff5784c000 	/System/Library/Frameworks/OpenDirectory.framework/Versions/A/Frameworks/CFOpenDirectory.framework/Versions/A/CFOpenDirectory
0x00007fff5a9cc000 	/System/Library/Frameworks/SecurityFoundation.framework/Versions/A/SecurityFoundation
0x00007fff5e123000 	/System/Library/PrivateFrameworks/APFS.framework/Versions/A/APFS
0x00007fff7b9f6000 	/usr/lib/libutil.dylib
0x00007fff79458000 	/usr/lib/libcharset.1.dylib
0x00007fff5f8fa000 	/System/Library/PrivateFrameworks/AppleSauce.framework/Versions/A/AppleSauce
0x00007fff5fa88000 	/System/Library/PrivateFrameworks/AssertionServices.framework/Versions/A/AssertionServices
0x00007fff602ef000 	/System/Library/PrivateFrameworks/BaseBoard.framework/Versions/A/BaseBoard
0x00007fff7a387000 	/usr/lib/libmecab.1.0.0.dylib
0x00007fff79f7c000 	/usr/lib/libgermantok.dylib
0x00007fff7921a000 	/usr/lib/libThaiTokenizer.dylib
0x00007fff78d41000 	/usr/lib/libChineseTokenizer.dylib
0x00007fff6d1d9000 	/System/Library/PrivateFrameworks/LanguageModeling.framework/Versions/A/LanguageModeling
0x00007fff62c15000 	/System/Library/PrivateFrameworks/CoreEmoji.framework/Versions/A/CoreEmoji
0x00007fff6d2d1000 	/System/Library/PrivateFrameworks/Lexicon.framework/Versions/A/Lexicon
0x00007fff6d319000 	/System/Library/PrivateFrameworks/LinguisticData.framework/Versions/A/LinguisticData
0x00007fff79459000 	/usr/lib/libcmph.dylib
0x00007fff5aa8d000 	/System/Library/Frameworks/ServiceManagement.framework/Versions/A/ServiceManagement
0x00007fff60242000 	/System/Library/PrivateFrameworks/BackgroundTaskManagement.framework/Versions/A/BackgroundTaskManagement
0x00007fff7baf0000 	/usr/lib/libxslt.1.dylib
0x00007fff4e223000 	/System/Library/Frameworks/Carbon.framework/Versions/A/Frameworks/Ink.framework/Versions/A/Ink
0x00007fff76ce2000 	/System/Library/PrivateFrameworks/TextureIO.framework/Versions/A/TextureIO
0x00007fff7926f000 	/usr/lib/libate.dylib
0x00007fff63f3d000 	/System/Library/PrivateFrameworks/CrashReporterSupport.framework/Versions/A/CrashReporterSupport
0x00007fff73d12000 	/System/Library/PrivateFrameworks/Sharing.framework/Versions/A/Sharing
0x00007fff5fdce000 	/System/Library/PrivateFrameworks/AuthKit.framework/Versions/A/AuthKit
0x00007fff5f200000 	/System/Library/PrivateFrameworks/Apple80211.framework/Versions/A/Apple80211
0x00007fff63d03000 	/System/Library/PrivateFrameworks/CoreUtils.framework/Versions/A/CoreUtils
0x00007fff50ae5000 	/System/Library/Frameworks/CoreWLAN.framework/Versions/A/CoreWLAN
0x00007fff5154e000 	/System/Library/Frameworks/IOBluetooth.framework/Versions/A/IOBluetooth
0x00007fff72078000 	/System/Library/PrivateFrameworks/ProtocolBuffer.framework/Versions/A/ProtocolBuffer
0x00007fff6e2dd000 	/System/Library/PrivateFrameworks/MobileKeyBag.framework/Versions/A/MobileKeyBag
0x00007fff6352b000 	/System/Library/PrivateFrameworks/CorePhoneNumbers.framework/Versions/A/CorePhoneNumbers
0x00007fff5f615000 	/System/Library/PrivateFrameworks/AppleIDAuthSupport.framework/Versions/A/AppleIDAuthSupport
0x00007fff6d1ab000 	/System/Library/PrivateFrameworks/KeychainCircle.framework/Versions/A/KeychainCircle
0x00007fff72245000 	/System/Library/PrivateFrameworks/ROCKit.framework/Versions/A/ROCKit
0x00007fff63ed9000 	/System/Library/PrivateFrameworks/CoreWiFi.framework/Versions/A/CoreWiFi
0x00007fff4e790000 	/System/Library/Frameworks/CoreBluetooth.framework/Versions/A/CoreBluetooth
0x00007fff6412d000 	/System/Library/PrivateFrameworks/DebugSymbols.framework/Versions/A/DebugSymbols
0x00007fff63ab8000 	/System/Library/PrivateFrameworks/CoreSymbolication.framework/Versions/A/CoreSymbolication
0x00007fff764d0000 	/System/Library/PrivateFrameworks/Symbolication.framework/Versions/A/Symbolication
0x00007fff75662000 	/System/Library/PrivateFrameworks/SpeechRecognitionCore.framework/Versions/A/SpeechRecognitionCore
0x00007fff43a67000 	/System/Library/CoreServices/Encodings/libSimplifiedChineseConverter.dylib
0x0000000108c00000 	/Library/Java/JavaVirtualMachines/jdk1.8.0_181.jdk/Contents/Home/jre/lib/server/libjvm.dylib
0x00007fff7b8ba000 	/usr/lib/libstdc++.6.dylib
0x0000000107b3c000 	/Library/Java/JavaVirtualMachines/jdk1.8.0_181.jdk/Contents/Home/jre/lib/libverify.dylib
0x0000000107b4a000 	/Library/Java/JavaVirtualMachines/jdk1.8.0_181.jdk/Contents/Home/jre/lib/libjava.dylib
0x0000000107b81000 	/Library/Java/JavaVirtualMachines/jdk1.8.0_181.jdk/Contents/Home/jre/lib/libjdwp.dylib
0x0000000107bcc000 	/Library/Java/JavaVirtualMachines/jdk1.8.0_181.jdk/Contents/Home/jre/lib/libnpt.dylib
0x0000000107bd0000 	/Library/Java/JavaVirtualMachines/jdk1.8.0_181.jdk/Contents/Home/jre/lib/libinstrument.dylib
0x0000000109c25000 	/Library/Java/JavaVirtualMachines/jdk1.8.0_181.jdk/Contents/Home/jre/lib/libzip.dylib
0x00000001153ca000 	/Library/Java/JavaVirtualMachines/jdk1.8.0_181.jdk/Contents/Home/jre/lib/libdt_socket.dylib

VM Arguments:
jvm_args: -agentlib:jdwp=transport=dt_socket,address=127.0.0.1:58905,suspend=y,server=n -javaagent:/Users/haoliu/Library/Caches/IdeaIC2018.2/captureAgent/debugger-agent.jar=file:/private/var/folders/rv/7k8ty3_x7pl7kywcrbhr2wfw0000gn/T/capture.props -Dfile.encoding=UTF-8 
java_command: slidewindow.Leetcode438
java_class_path (initial): /Library/Java/JavaVirtualMachines/jdk1.8.0_181.jdk/Contents/Home/jre/lib/charsets.jar:/Library/Java/JavaVirtualMachines/jdk1.8.0_181.jdk/Contents/Home/jre/lib/deploy.jar:/Library/Java/JavaVirtualMachines/jdk1.8.0_181.jdk/Contents/Home/jre/lib/ext/cldrdata.jar:/Library/Java/JavaVirtualMachines/jdk1.8.0_181.jdk/Contents/Home/jre/lib/ext/dnsns.jar:/Library/Java/JavaVirtualMachines/jdk1.8.0_181.jdk/Contents/Home/jre/lib/ext/jaccess.jar:/Library/Java/JavaVirtualMachines/jdk1.8.0_181.jdk/Contents/Home/jre/lib/ext/jfxrt.jar:/Library/Java/JavaVirtualMachines/jdk1.8.0_181.jdk/Contents/Home/jre/lib/ext/localedata.jar:/Library/Java/JavaVirtualMachines/jdk1.8.0_181.jdk/Contents/Home/jre/lib/ext/nashorn.jar:/Library/Java/JavaVirtualMachines/jdk1.8.0_181.jdk/Contents/Home/jre/lib/ext/sunec.jar:/Library/Java/JavaVirtualMachines/jdk1.8.0_181.jdk/Contents/Home/jre/lib/ext/sunjce_provider.jar:/Library/Java/JavaVirtualMachines/jdk1.8.0_181.jdk/Contents/Home/jre/lib/ext/sunpkcs11.jar:/Library/Java/JavaVirtualMachines/jdk1.8.0_181.jdk/Contents/Home/jre/lib/ext/zipfs.jar:/Library/Java/JavaVirtualMachines/jdk1.8.0_181.jdk/Contents/Home/jre/lib/javaws.jar:/Library/Java/JavaVirtualMachines/jdk1.8.0_181.jdk/Contents/Home/jre/lib/jce.jar:/Library/Java/JavaVirtualMachines/jdk1.8.0_181.jdk/Contents/Home/jre/lib/jfr.jar:/Library/Java/JavaVirtualMachines/jdk1.8.0_181.jdk/Contents/Home/jre/lib/jfxswt.jar:/Library/Java/JavaVirtualMachines/jdk1.8.0_181.jdk/Contents/Home/jre/lib/jsse.jar:/Library/Java/JavaVirtualMachines/jdk1.8.0_181.jdk/Contents/Home/jre/lib/management-agent.jar:/Library/Java/JavaVirtualMachines/jdk1.8.0_181.jdk/Contents/Home/jre/lib/plugin.jar:/Library/Java/JavaVirtualMachines/jdk1.8.0_181.jdk/Contents/Home/jre/lib/resources.jar:/Library/Java/JavaVirtualMachines/jdk1.8.0_181.jdk/Contents/Home/jre/lib/rt.jar:/Library/Java/JavaVirtualMachines/jdk1.8.0_181.jdk/Contents/Home/lib/ant-javafx.jar:/Library/Java/JavaVirtualMachines/jdk1.8.0_181.jdk/Contents/Home
Launcher Type: SUN_STANDARD

Environment Variables:
PATH=/Users/haoliu/Documents/flutter/bin:/usr/local/bin:/usr/bin:/bin:/usr/sbin:/sbin:/Library/Frameworks/Mono.framework/Versions/Current/Commands:/Users/haoliu/Library/Android/sdk/platform-tools:/Users/haoliu/Library/Android/sdk/build-tools:/usr/local/bin:/usr/bin:/bin:/usr/sbin:/sbin:/Users/haoliu/Documents/android-ndk-r12b:/Users/haoliu/bin:/Users/haoliu/bin/gradle/gradle-5.1/bin:/Users/haoliu/bin/depot_tools
SHELL=/bin/zsh

Signal Handlers:
SIGSEGV: [libjvm.dylib+0x5b6029], sa_mask[0]=11111111011111110111111111111111, sa_flags=SA_ONSTACK|SA_RESTART|SA_SIGINFO
SIGBUS: [libjvm.dylib+0x5b6029], sa_mask[0]=11111111011111110111111111111111, sa_flags=SA_RESTART|SA_SIGINFO
SIGFPE: [libjvm.dylib+0x48b934], sa_mask[0]=11111111011111110111111111111111, sa_flags=SA_RESTART|SA_SIGINFO
SIGPIPE: [libjvm.dylib+0x48b934], sa_mask[0]=11111111011111110111111111111111, sa_flags=SA_RESTART|SA_SIGINFO
SIGXFSZ: [libjvm.dylib+0x48b934], sa_mask[0]=11111111011111110111111111111111, sa_flags=SA_RESTART|SA_SIGINFO
SIGILL: [libjvm.dylib+0x48b934], sa_mask[0]=11111111011111110111111111111111, sa_flags=SA_RESTART|SA_SIGINFO
SIGUSR1: SIG_DFL, sa_mask[0]=00000000000000000000000000000000, sa_flags=none
SIGUSR2: [libjvm.dylib+0x48b452], sa_mask[0]=00100000000000000000000000000000, sa_flags=SA_RESTART|SA_SIGINFO
SIGHUP: [libjvm.dylib+0x489a1d], sa_mask[0]=11111111011111110111111111111111, sa_flags=SA_RESTART|SA_SIGINFO
SIGINT: [libjvm.dylib+0x489a1d], sa_mask[0]=11111111011111110111111111111111, sa_flags=SA_RESTART|SA_SIGINFO
SIGTERM: [libjvm.dylib+0x489a1d], sa_mask[0]=11111111011111110111111111111111, sa_flags=SA_RESTART|SA_SIGINFO
SIGQUIT: [libjvm.dylib+0x489a1d], sa_mask[0]=11111111011111110111111111111111, sa_flags=SA_RESTART|SA_SIGINFO


---------------  S Y S T E M  ---------------

OS:Bsduname:Darwin 18.0.0 Darwin Kernel Version 18.0.0: Wed Aug 22 20:13:40 PDT 2018; root:xnu-4903.201.2~1/RELEASE_X86_64 x86_64
rlimit: STACK 8192k, CORE 0k, NPROC 1418, NOFILE 10240, AS infinity
load average:6.77 6.24 4.56

CPU:total 8 (initial active 8) (4 cores per cpu, 2 threads per core) family 6 model 70 stepping 1, cmov, cx8, fxsr, mmx, sse, sse2, sse3, ssse3, sse4.1, sse4.2, popcnt, avx, avx2, aes, clmul, erms, lzcnt, ht, tsc, tscinvbit, bmi1, bmi2

Memory: 4k page, physical 16777216k(3322888k free)

/proc/meminfo:


vm_info: Java HotSpot(TM) 64-Bit Server VM (25.181-b13) for bsd-amd64 JRE (1.8.0_181-b13), built on Jul  7 2018 01:02:31 by "java_re" with gcc 4.2.1 (Based on Apple Inc. build 5658) (LLVM build 2336.11.00)

time: Sat Apr 18 22:59:53 2020
elapsed time: 877 seconds (0d 0h 14m 37s)

